2025-02-22 16:46:00 INFO  Main:35 - saved data reading
2025-02-22 16:46:00 INFO  Main:40 - application start
2025-02-22 16:46:00 INFO  Controller:74 - Main controller initializing
2025-02-22 16:46:09 INFO  NewEditController:89 - new/edit window initializing
2025-02-22 16:46:36 INFO  NewEditController:89 - new/edit window initializing
2025-02-22 16:47:33 INFO  NewEditController:89 - new/edit window initializing
2025-02-25 10:31:11 INFO  Main:35 - saved data reading
2025-02-25 10:31:11 INFO  Main:40 - application start
2025-02-25 10:31:12 INFO  Controller:74 - Main controller initializing
2025-02-25 10:57:06 INFO  Main:35 - saved data reading
2025-02-25 10:57:06 INFO  Main:40 - application start
2025-02-25 10:57:06 INFO  Controller:74 - Main controller initializing
2025-03-10 23:16:07 INFO  Main:36 - saved data reading
2025-03-10 23:16:07 INFO  Main:41 - application start
2025-03-10 23:16:08 INFO  MainController:74 - Main controller initializing
2025-03-10 23:16:30 INFO  Main:36 - saved data reading
2025-03-10 23:16:30 INFO  Main:41 - application start
2025-03-10 23:16:30 INFO  MainController:74 - Main controller initializing
2025-04-03 22:13:27 INFO  Main:36 - saved data reading
2025-04-03 22:13:27 INFO  Main:41 - application start
2025-04-03 22:13:27 INFO  MainController:74 - Main controller initializing
2025-04-07 18:54:32 INFO  Main:36 - saved data reading
2025-04-07 18:54:32 INFO  Main:41 - application start
2025-04-07 18:54:33 INFO  MainController:74 - Main controller initializing
2025-04-07 18:57:50 ERROR Task:26 - time below bound
2025-04-07 18:57:50 ERROR Task:40 - interval < than 1
2025-04-07 18:57:50 ERROR Task:36 - time below bound
2025-04-07 18:57:50 ERROR Task:40 - interval < than 1
2025-04-07 18:57:50 ERROR Task:26 - time below bound
2025-04-07 18:59:40 ERROR Task:26 - time below bound
2025-04-07 18:59:40 ERROR Task:40 - interval < than 1
2025-04-07 18:59:40 ERROR Task:36 - time below bound
2025-04-07 18:59:40 ERROR Task:40 - interval < than 1
2025-04-07 18:59:40 ERROR Task:26 - time below bound
2025-04-08 00:01:32 ERROR Task:40 - interval < than 1
2025-04-08 00:01:32 ERROR Task:40 - interval < than 1
